2021-dic-02 12:47:24 [background-preinit] INFO  o.h.v.i.u.Version                                  - HV000001: Hibernate Validator 6.1.0.Final
2021-dic-02 12:47:24 [main] INFO  i.d.m.MovieDemoApplication                         - Starting MovieDemoApplication using Java 1.8.0_74 on SPXMIW6185 with PID 3812 (C:\Users\antonio.liuzzi\IdeaProjects\moviedemo\target\classes started by antonio.liuzzi in C:\Users\antonio.liuzzi\IdeaProjects\moviedemo)
2021-dic-02 12:47:24 [main] INFO  i.d.m.MovieDemoApplication                         - No active profile set, falling back to default profiles: default
2021-dic-02 12:47:26 [main] INFO  o.s.d.r.c.RepositoryConfigurationDelegate          - Bootstrapping Spring Data MongoDB repositories in DEFAULT mode.
2021-dic-02 12:47:26 [main] INFO  o.s.d.r.c.RepositoryConfigurationDelegate          - Finished Spring Data repository scanning in 96 ms. Found 3 MongoDB repository interfaces.
2021-dic-02 12:47:27 [main] INFO  o.s.b.w.e.t.TomcatWebServer                        - Tomcat initialized with port(s): 8080 (http)
2021-dic-02 12:47:27 [main] INFO  o.a.c.h.Http11NioProtocol                          - Initializing ProtocolHandler ["http-nio-8080"]
2021-dic-02 12:47:27 [main] INFO  o.a.c.c.StandardService                            - Starting service [Tomcat]
2021-dic-02 12:47:27 [main] INFO  o.a.c.c.StandardEngine                             - Starting Servlet engine: [Apache Tomcat/9.0.54]
2021-dic-02 12:47:27 [main] INFO  o.a.c.c.C.[.[.[/]                                  - Initializing Spring embedded WebApplicationContext
2021-dic-02 12:47:27 [main] INFO  o.s.b.w.s.c.ServletWebServerApplicationContext     - Root WebApplicationContext: initialization completed in 2970 ms
2021-dic-02 12:47:28 [main] INFO  o.m.d.cluster                                      - Cluster created with settings {hosts=[localhost:27017], mode=SINGLE, requiredClusterType=UNKNOWN, serverSelectionTimeout='30000 ms'}
2021-dic-02 12:47:28 [cluster-ClusterId{value='61a8b250e791664302aba350', description='null'}-localhost:27017] INFO  o.m.d.connection                                   - Opened connection [connectionId{localValue:1, serverValue:235}] to localhost:27017
2021-dic-02 12:47:28 [cluster-rtt-ClusterId{value='61a8b250e791664302aba350', description='null'}-localhost:27017] INFO  o.m.d.connection                                   - Opened connection [connectionId{localValue:2, serverValue:234}] to localhost:27017
2021-dic-02 12:47:28 [cluster-ClusterId{value='61a8b250e791664302aba350', description='null'}-localhost:27017] INFO  o.m.d.cluster                                      - Monitor thread successfully connected to server with description ServerDescription{address=localhost:27017, type=STANDALONE, state=CONNECTED, ok=true, minWireVersion=0, maxWireVersion=13, maxDocumentSize=16777216, logicalSessionTimeoutMinutes=30, roundTripTimeNanos=45730000}
2021-dic-02 12:47:29 [main] INFO  s.d.s.w.PropertySourcedRequestMappingHandlerMapping - Mapped URL path [/v2/api-docs] onto method [springfox.documentation.swagger2.web.Swagger2Controller#getDocumentation(String, HttpServletRequest)]
2021-dic-02 12:47:29 [main] INFO  o.a.c.h.Http11NioProtocol                          - Starting ProtocolHandler ["http-nio-8080"]
2021-dic-02 12:47:29 [main] INFO  o.s.b.w.e.t.TomcatWebServer                        - Tomcat started on port(s): 8080 (http) with context path ''
2021-dic-02 12:47:29 [main] INFO  s.d.s.w.p.DocumentationPluginsBootstrapper         - Context refreshed
2021-dic-02 12:47:29 [main] INFO  s.d.s.w.p.DocumentationPluginsBootstrapper         - Found 1 custom documentation plugin(s)
2021-dic-02 12:47:30 [main] INFO  s.d.s.w.s.ApiListingReferenceScanner               - Scanning for api listing references
2021-dic-02 12:47:30 [main] INFO  i.d.m.MovieDemoApplication                         - Started MovieDemoApplication in 6.232 seconds (JVM running for 7.882)
2021-dic-02 17:37:54 [background-preinit] INFO  o.h.v.i.u.Version                                  - HV000001: Hibernate Validator 6.1.0.Final
2021-dic-02 17:37:54 [main] INFO  i.d.m.MovieDemoApplication                         - Starting MovieDemoApplication using Java 1.8.0_74 on SPXMIW6185 with PID 14112 (C:\Users\antonio.liuzzi\IdeaProjects\moviedemo\target\classes started by antonio.liuzzi in C:\Users\antonio.liuzzi\IdeaProjects\moviedemo)
2021-dic-02 17:37:54 [main] INFO  i.d.m.MovieDemoApplication                         - No active profile set, falling back to default profiles: default
2021-dic-02 17:37:56 [main] INFO  o.s.d.r.c.RepositoryConfigurationDelegate          - Bootstrapping Spring Data MongoDB repositories in DEFAULT mode.
2021-dic-02 17:37:56 [main] INFO  o.s.d.r.c.RepositoryConfigurationDelegate          - Finished Spring Data repository scanning in 43 ms. Found 3 MongoDB repository interfaces.
2021-dic-02 17:37:56 [main] INFO  o.s.b.w.e.t.TomcatWebServer                        - Tomcat initialized with port(s): 8080 (http)
2021-dic-02 17:37:56 [main] INFO  o.a.c.h.Http11NioProtocol                          - Initializing ProtocolHandler ["http-nio-8080"]
2021-dic-02 17:37:56 [main] INFO  o.a.c.c.StandardService                            - Starting service [Tomcat]
2021-dic-02 17:37:56 [main] INFO  o.a.c.c.StandardEngine                             - Starting Servlet engine: [Apache Tomcat/9.0.54]
2021-dic-02 17:37:57 [main] INFO  o.a.c.c.C.[.[.[/]                                  - Initializing Spring embedded WebApplicationContext
2021-dic-02 17:37:57 [main] INFO  o.s.b.w.s.c.ServletWebServerApplicationContext     - Root WebApplicationContext: initialization completed in 2126 ms
2021-dic-02 17:37:57 [main] INFO  o.m.d.cluster                                      - Cluster created with settings {hosts=[localhost:27017], mode=SINGLE, requiredClusterType=UNKNOWN, serverSelectionTimeout='30000 ms'}
2021-dic-02 17:37:57 [cluster-rtt-ClusterId{value='61a8f6658ebd3002b6c0a2e2', description='null'}-localhost:27017] INFO  o.m.d.connection                                   - Opened connection [connectionId{localValue:2, serverValue:257}] to localhost:27017
2021-dic-02 17:37:57 [cluster-ClusterId{value='61a8f6658ebd3002b6c0a2e2', description='null'}-localhost:27017] INFO  o.m.d.connection                                   - Opened connection [connectionId{localValue:1, serverValue:258}] to localhost:27017
2021-dic-02 17:37:57 [cluster-ClusterId{value='61a8f6658ebd3002b6c0a2e2', description='null'}-localhost:27017] INFO  o.m.d.cluster                                      - Monitor thread successfully connected to server with description ServerDescription{address=localhost:27017, type=STANDALONE, state=CONNECTED, ok=true, minWireVersion=0, maxWireVersion=13, maxDocumentSize=16777216, logicalSessionTimeoutMinutes=30, roundTripTimeNanos=17897700}
2021-dic-02 17:37:57 [main] INFO  o.m.d.connection                                   - Opened connection [connectionId{localValue:3, serverValue:259}] to localhost:27017
2021-dic-02 17:37:58 [main] INFO  s.d.s.w.PropertySourcedRequestMappingHandlerMapping - Mapped URL path [/v2/api-docs] onto method [springfox.documentation.swagger2.web.Swagger2Controller#getDocumentation(String, HttpServletRequest)]
2021-dic-02 17:37:58 [main] INFO  o.a.c.h.Http11NioProtocol                          - Starting ProtocolHandler ["http-nio-8080"]
2021-dic-02 17:37:58 [main] INFO  o.s.b.w.e.t.TomcatWebServer                        - Tomcat started on port(s): 8080 (http) with context path ''
2021-dic-02 17:37:58 [main] INFO  s.d.s.w.p.DocumentationPluginsBootstrapper         - Context refreshed
2021-dic-02 17:37:58 [main] INFO  s.d.s.w.p.DocumentationPluginsBootstrapper         - Found 1 custom documentation plugin(s)
2021-dic-02 17:37:58 [main] INFO  s.d.s.w.s.ApiListingReferenceScanner               - Scanning for api listing references
2021-dic-02 17:37:59 [main] INFO  i.d.m.MovieDemoApplication                         - Started MovieDemoApplication in 4.664 seconds (JVM running for 5.59)
